[[36mor_cdchomp[0m] [1m[34m==>[0m '[1m/home/romesc/WRK/weight_express/build/or_cdchomp/build_env.sh /usr/bin/make cmake_check_build_system[0m' [30m[1min[0m '[1m/home/romesc/WRK/weight_express/build/or_cdchomp[0m'[0m
-- Using CATKIN_DEVEL_PREFIX: /home/romesc/WRK/weight_express/devel
-- Using CMAKE_PREFIX_PATH: /home/romesc/WRK/weight_express/devel;/opt/ros/indigo
-- This workspace overlays: /home/romesc/WRK/weight_express/devel;/opt/ros/indigo
-- Using PYTHON_EXECUTABLE: /usr/bin/python
-- Using Debian Python package layout
-- Using empy: /usr/bin/empy
-- Using CATKIN_ENABLE_TESTING: ON
-- Call enable_testing()
-- Using CATKIN_TEST_RESULTS_DIR: /home/romesc/WRK/weight_express/build/or_cdchomp/test_results
-- Found gtest sources under '/usr/src/gtest': gtests will be built
-- Using Python nosetests: /usr/bin/nosetests-2.7
-- catkin 0.6.18
-- Configuring done
-- Generating done
-- Build files have been written to: /home/romesc/WRK/weight_express/build/or_cdchomp
[[36mor_cdchomp[0m] [32m<==[0m '[1m/home/romesc/WRK/weight_express/build/or_cdchomp/build_env.sh /usr/bin/make cmake_check_build_system[0m' finished with return code '[1m0[0m'[0m
[[36mor_cdchomp[0m] [1m[34m==>[0m '[1m/home/romesc/WRK/weight_express/build/or_cdchomp/build_env.sh /usr/bin/make --jobserver-fds=3,6 -j[0m' [30m[1min[0m '[1m/home/romesc/WRK/weight_express/build/or_cdchomp[0m'[0m
[35m[1mScanning dependencies of target or_cdchomp_plugin
[0m[  7%] [32mBuilding CXX object CMakeFiles/or_cdchomp_plugin.dir/src/orcdchomp.cpp.o
[0m[ 15%] [32mBuilding CXX object CMakeFiles/or_cdchomp_plugin.dir/src/orcdchomp_kdata.cpp.o
[0m[ 23%] [32mBuilding CXX object CMakeFiles/or_cdchomp_plugin.dir/src/orcwrap.cpp.o
[0m[ 30%] [32mBuilding C object CMakeFiles/or_cdchomp_plugin.dir/src/libcd/chomp.c.o
[0m[ 38%] [32mBuilding C object CMakeFiles/or_cdchomp_plugin.dir/src/libcd/grid.c.o
[0m[ 46%] [32mBuilding C object CMakeFiles/or_cdchomp_plugin.dir/src/libcd/grid_flood.c.o
[0m[ 53%] [32mBuilding C object CMakeFiles/or_cdchomp_plugin.dir/src/libcd/kin.c.o
[0m[ 61%] [32mBuilding C object CMakeFiles/or_cdchomp_plugin.dir/src/libcd/mat.c.o
[0m[ 69%] [32mBuilding C object CMakeFiles/or_cdchomp_plugin.dir/src/libcd/os.c.o
[0m[ 76%] [32mBuilding C object CMakeFiles/or_cdchomp_plugin.dir/src/libcd/spatial.c.o
[0m[ 84%] [32mBuilding C object CMakeFiles/or_cdchomp_plugin.dir/src/libcd/util.c.o
[0m[ 92%] [32mBuilding C object CMakeFiles/or_cdchomp_plugin.dir/src/libcd/util_shparse.c.o
[0m[31m[1mLinking CXX shared library /home/romesc/WRK/weight_express/devel/share/openrave-0.9/plugins/or_cdchomp_plugin.so
[0m[100%] Built target or_cdchomp_plugin
[[36mor_cdchomp[0m] [32m<==[0m '[1m/home/romesc/WRK/weight_express/build/or_cdchomp/build_env.sh /usr/bin/make --jobserver-fds=3,6 -j[0m' finished with return code '[1m0[0m'[0m
