[[36mor_rviz[0m] [1m[34m==>[0m '[1m/home/romesc/WRK/weight_express/build/or_rviz/build_env.sh /usr/bin/make cmake_check_build_system[0m' [30m[1min[0m '[1m/home/romesc/WRK/weight_express/build/or_rviz[0m'[0m
-- Using CATKIN_DEVEL_PREFIX: /home/romesc/WRK/weight_express/devel
-- Using CMAKE_PREFIX_PATH: /home/romesc/WRK/weight_express/devel;/opt/ros/indigo
-- This workspace overlays: /home/romesc/WRK/weight_express/devel;/opt/ros/indigo
-- Using PYTHON_EXECUTABLE: /usr/bin/python
-- Using Debian Python package layout
-- Using empy: /usr/bin/empy
-- Using CATKIN_ENABLE_TESTING: ON
-- Call enable_testing()
-- Using CATKIN_TEST_RESULTS_DIR: /home/romesc/WRK/weight_express/build/or_rviz/test_results
-- Found gtest sources under '/usr/src/gtest': gtests will be built
-- Using Python nosetests: /usr/bin/nosetests-2.7
-- catkin 0.6.18
-- Using these message generators: gencpp;genlisp;genpy
-- Boost version: 1.54.0
-- Found the following Boost libraries:
--   thread
-- Looking for OGRE...
-- Found Ogre Byatis (1.8.1)
-- Found OGRE: optimized;/usr/lib/x86_64-linux-gnu/libOgreMain.so;debug;/usr/lib/x86_64-linux-gnu/libOgreMain.so
-- Looking for OGRE_Paging...
-- Found OGRE_Paging: optimized;/usr/lib/x86_64-linux-gnu/libOgrePaging.so;debug;/usr/lib/x86_64-linux-gnu/libOgrePaging.so
-- Looking for OGRE_Terrain...
-- Found OGRE_Terrain: optimized;/usr/lib/x86_64-linux-gnu/libOgreTerrain.so;debug;/usr/lib/x86_64-linux-gnu/libOgreTerrain.so
-- Looking for OGRE_Property...
-- Found OGRE_Property: optimized;/usr/lib/x86_64-linux-gnu/libOgreProperty.so;debug;/usr/lib/x86_64-linux-gnu/libOgreProperty.so
-- Looking for OGRE_RTShaderSystem...
-- Found OGRE_RTShaderSystem: optimized;/usr/lib/x86_64-linux-gnu/libOgreRTShaderSystem.so;debug;/usr/lib/x86_64-linux-gnu/libOgreRTShaderSystem.so
-- Configuring done
-- Generating done
-- Build files have been written to: /home/romesc/WRK/weight_express/build/or_rviz
[[36mor_rviz[0m] [32m<==[0m '[1m/home/romesc/WRK/weight_express/build/or_rviz/build_env.sh /usr/bin/make cmake_check_build_system[0m' finished with return code '[1m0[0m'[0m
[[36mor_rviz[0m] [1m[34m==>[0m '[1m/home/romesc/WRK/weight_express/build/or_rviz/build_env.sh /usr/bin/make --jobserver-fds=3,6 -j[0m' [30m[1min[0m '[1m/home/romesc/WRK/weight_express/build/or_rviz[0m'[0m
[35m[1mScanning dependencies of target or_rviz_markers
[0m[  5%] [32mBuilding CXX object CMakeFiles/or_rviz_markers.dir/src/markers/JointMarker.cpp.o
[0m[ 11%] [32mBuilding CXX object CMakeFiles/or_rviz_markers.dir/src/markers/KinBodyJointMarker.cpp.o
[0m[ 16%] [32mBuilding CXX object CMakeFiles/or_rviz_markers.dir/src/markers/KinBodyLinkMarker.cpp.o
[0m[ 22%] [32mBuilding CXX object CMakeFiles/or_rviz_markers.dir/src/markers/KinBodyMarker.cpp.o
[0m[ 27%] [32mBuilding CXX object CMakeFiles/or_rviz_markers.dir/src/markers/LinkMarker.cpp.o
[0m[ 33%] [32mBuilding CXX object CMakeFiles/or_rviz_markers.dir/src/markers/ManipulatorMarker.cpp.o
[0m[ 38%] [32mBuilding CXX object CMakeFiles/or_rviz_markers.dir/src/util/ScopedConnection.cpp.o
[0m[35m[1mScanning dependencies of target or_rviz_rviz
[0m[ 44%] [32mBuilding CXX object CMakeFiles/or_rviz_rviz.dir/include/or_rviz/rviz/moc_EnvironmentDisplay.cxx.o
[0m[31m[1mLinking CXX shared library /home/romesc/WRK/weight_express/devel/lib/libor_rviz_markers.so
[0m[ 61%] Built target or_rviz_markers
[31m[1mLinking CXX shared library /home/romesc/WRK/weight_express/devel/lib/libor_rviz_rviz.so
[0m[ 72%] Built target or_rviz_rviz
[35m[1mScanning dependencies of target or_rviz
[0m[ 77%] [32mBuilding CXX object CMakeFiles/or_rviz.dir/src/InteractiveMarkerViewer.cpp.o
[ 88%] [ 88%] [0m[32mBuilding CXX object CMakeFiles/or_rviz.dir/src/RVizViewer.cpp.o
[0m[32mBuilding CXX object CMakeFiles/or_rviz.dir/include/or_rviz/moc_RVizViewer.cxx.o
[0m[31m[1mLinking CXX shared library /home/romesc/WRK/weight_express/devel/lib/libor_rviz.so
[0m[ 94%] Built target or_rviz
[35m[1mScanning dependencies of target or_rviz_plugin
[0m[31m[1mLinking CXX shared library /home/romesc/WRK/weight_express/devel/share/openrave-0.9/plugins/or_rviz_plugin.so
[0m[100%] Built target or_rviz_plugin
[[36mor_rviz[0m] [32m<==[0m '[1m/home/romesc/WRK/weight_express/build/or_rviz/build_env.sh /usr/bin/make --jobserver-fds=3,6 -j[0m' finished with return code '[1m0[0m'[0m
