[[36mpr_ordata[0m] [1m[34m==>[0m '[1m/home/romesc/WRK/weight_express/build/pr_ordata/build_env.sh /usr/bin/make cmake_check_build_system[0m' [30m[1min[0m '[1m/home/romesc/WRK/weight_express/build/pr_ordata[0m'[0m
-- Using CATKIN_DEVEL_PREFIX: /home/romesc/WRK/weight_express/devel
-- Using CMAKE_PREFIX_PATH: /home/romesc/WRK/weight_express/devel;/opt/ros/indigo
-- This workspace overlays: /home/romesc/WRK/weight_express/devel;/opt/ros/indigo
-- Using PYTHON_EXECUTABLE: /usr/bin/python
-- Using Debian Python package layout
-- Using empy: /usr/bin/empy
-- Using CATKIN_ENABLE_TESTING: ON
-- Call enable_testing()
-- Using CATKIN_TEST_RESULTS_DIR: /home/romesc/WRK/weight_express/build/pr_ordata/test_results
-- Found gtest sources under '/usr/src/gtest': gtests will be built
-- Using Python nosetests: /usr/bin/nosetests-2.7
-- catkin 0.6.18
-- Configuring done
-- Generating done
-- Build files have been written to: /home/romesc/WRK/weight_express/build/pr_ordata
[[36mpr_ordata[0m] [32m<==[0m '[1m/home/romesc/WRK/weight_express/build/pr_ordata/build_env.sh /usr/bin/make cmake_check_build_system[0m' finished with return code '[1m0[0m'[0m
[[36mpr_ordata[0m] [1m[34m==>[0m '[1m/home/romesc/WRK/weight_express/build/pr_ordata/build_env.sh /usr/bin/make --jobserver-fds=3,6 -j[0m' [30m[1min[0m '[1m/home/romesc/WRK/weight_express/build/pr_ordata[0m'[0m
[35m[1mScanning dependencies of target pr_ordata_data
[0mBuilt target pr_ordata_data
[[36mpr_ordata[0m] [32m<==[0m '[1m/home/romesc/WRK/weight_express/build/pr_ordata/build_env.sh /usr/bin/make --jobserver-fds=3,6 -j[0m' finished with return code '[1m0[0m'[0m
